
6월 17, 2022 16:52:11.932 NEW SESSION
6월 17, 2022 16:52:11.932 [520:7640:0617/165211.931:ERROR:device_event_log_impl.cc(214)] [16:52:11.931] Bluetooth: bluetooth_adapter_winrt.cc:1074 Getting Default Adapter failed.
6월 17, 2022 16:52:39.414 [14088:11744:0617/165239.413:ERROR:device_event_log_impl.cc(214)] [16:52:39.414] Bluetooth: bluetooth_adapter_winrt.cc:1074 Getting Default Adapter failed.
6월 17, 2022 16:53:37.300 [14088:9068:0617/165337.300:ERROR:util.cc(127)] Can't create base directory: C:\Program Files\Google\GoogleUpdater

6월 21, 2022 16:31:22.553 NEW SESSION
6월 21, 2022 16:31:22.554 [4908:6600:0621/163122.552:ERROR:device_event_log_impl.cc(214)] [16:31:22.552] Bluetooth: bluetooth_adapter_winrt.cc:1074 Getting Default Adapter failed.
6월 21, 2022 16:31:59.602 [13900:11604:0621/163159.602:ERROR:device_event_log_impl.cc(214)] [16:31:59.601] Bluetooth: bluetooth_adapter_winrt.cc:1074 Getting Default Adapter failed.
6월 21, 2022 16:35:07.181 [7272:7528:0621/163507.181:ERROR:device_event_log_impl.cc(214)] [16:35:07.181] Bluetooth: bluetooth_adapter_winrt.cc:1074 Getting Default Adapter failed.
6월 21, 2022 16:36:05.72 [7272:11468:0621/163605.072:ERROR:util.cc(127)] Can't create base directory: C:\Program Files\Google\GoogleUpdater
6월 21, 2022 16:36:23.761 [8160:10532:0621/163623.761:ERROR:device_event_log_impl.cc(214)] [16:36:23.761] Bluetooth: bluetooth_adapter_winrt.cc:1074 Getting Default Adapter failed.
6월 21, 2022 16:42:17.307 [9956:5188:0621/164217.307:ERROR:device_event_log_impl.cc(214)] [16:42:17.306] Bluetooth: bluetooth_adapter_winrt.cc:1074 Getting Default Adapter failed.
6월 21, 2022 16:49:54.641 [11880:10248:0621/164954.641:ERROR:device_event_log_impl.cc(214)] [16:49:54.640] Bluetooth: bluetooth_adapter_winrt.cc:1074 Getting Default Adapter failed.
6월 21, 2022 16:50:52.545 [11880:6712:0621/165052.545:ERROR:util.cc(127)] Can't create base directory: C:\Program Files\Google\GoogleUpdater

6월 24, 2022 15:49:21.86 NEW SESSION
6월 24, 2022 15:49:21.86 [15520:2316:0624/154921.084:ERROR:device_event_log_impl.cc(214)] [15:49:21.085] Bluetooth: bluetooth_adapter_winrt.cc:1074 Getting Default Adapter failed.
6월 24, 2022 15:51:57.397 [1404:15544:0624/155157.397:ERROR:device_event_log_impl.cc(214)] [15:51:57.396] Bluetooth: bluetooth_adapter_winrt.cc:1074 Getting Default Adapter failed.
6월 24, 2022 15:52:55.400 [1404:11556:0624/155255.399:ERROR:util.cc(127)] Can't create base directory: C:\Program Files\Google\GoogleUpdater
6월 24, 2022 15:57:46.18 [10544:15024:0624/155746.018:ERROR:device_event_log_impl.cc(214)] [15:57:46.018] Bluetooth: bluetooth_adapter_winrt.cc:1074 Getting Default Adapter failed.
6월 24, 2022 15:58:43.921 [10544:15764:0624/155843.921:ERROR:util.cc(127)] Can't create base directory: C:\Program Files\Google\GoogleUpdater
6월 24, 2022 16:10:04.651 [15300:11528:0624/161004.651:ERROR:device_event_log_impl.cc(214)] [16:10:04.651] Bluetooth: bluetooth_adapter_winrt.cc:1074 Getting Default Adapter failed.
6월 24, 2022 16:10:30.104 [12876:9764:0624/161030.103:ERROR:device_event_log_impl.cc(214)] [16:10:30.103] Bluetooth: bluetooth_adapter_winrt.cc:1074 Getting Default Adapter failed.
6월 24, 2022 16:14:15.803 [5728:1620:0624/161415.803:ERROR:device_event_log_impl.cc(214)] [16:14:15.803] Bluetooth: bluetooth_adapter_winrt.cc:1074 Getting Default Adapter failed.
6월 24, 2022 16:23:34.27 [4564:16292:0624/162334.027:ERROR:device_event_log_impl.cc(214)] [16:23:34.027] Bluetooth: bluetooth_adapter_winrt.cc:1074 Getting Default Adapter failed.
6월 24, 2022 16:24:31.928 [4564:1336:0624/162431.928:ERROR:util.cc(127)] Can't create base directory: C:\Program Files\Google\GoogleUpdater
6월 24, 2022 16:35:14.656 [13964:10124:0624/163514.656:ERROR:device_event_log_impl.cc(214)] [16:35:14.656] Bluetooth: bluetooth_adapter_winrt.cc:1074 Getting Default Adapter failed.
6월 24, 2022 16:35:59.288 [1176:14960:0624/163559.288:ERROR:device_event_log_impl.cc(214)] [16:35:59.287] Bluetooth: bluetooth_adapter_winrt.cc:1074 Getting Default Adapter failed.
6월 24, 2022 16:36:36.764 [10676:16380:0624/163636.764:ERROR:device_event_log_impl.cc(214)] [16:36:36.763] Bluetooth: bluetooth_adapter_winrt.cc:1074 Getting Default Adapter failed.
6월 24, 2022 16:37:34.688 [10676:4464:0624/163734.688:ERROR:util.cc(127)] Can't create base directory: C:\Program Files\Google\GoogleUpdater
6월 24, 2022 16:44:39.532 [7192:7304:0624/164439.532:ERROR:device_event_log_impl.cc(214)] [16:44:39.532] Bluetooth: bluetooth_adapter_winrt.cc:1074 Getting Default Adapter failed.

6월 30, 2022 18:45:03.582 NEW SESSION
6월 30, 2022 18:45:03.582 [15524:12628:0630/184503.581:ERROR:device_event_log_impl.cc(214)] [18:45:03.581] Bluetooth: bluetooth_adapter_winrt.cc:1074 Getting Default Adapter failed.
6월 30, 2022 18:45:26.372 [10688:1204:0630/184526.372:ERROR:device_event_log_impl.cc(214)] [18:45:26.372] Bluetooth: bluetooth_adapter_winrt.cc:1074 Getting Default Adapter failed.
6월 30, 2022 18:46:24.361 [10688:16876:0630/184624.360:ERROR:util.cc(127)] Can't create base directory: C:\Program Files\Google\GoogleUpdater
6월 30, 2022 18:57:43.432 [11744:9480:0630/185743.432:ERROR:device_event_log_impl.cc(214)] [18:57:43.432] Bluetooth: bluetooth_adapter_winrt.cc:1074 Getting Default Adapter failed.
6월 30, 2022 19:02:19.370 [15280:13572:0630/190219.370:ERROR:device_event_log_impl.cc(214)] [19:02:19.370] Bluetooth: bluetooth_adapter_winrt.cc:1074 Getting Default Adapter failed.
6월 30, 2022 19:03:17.369 [15280:15132:0630/190317.368:ERROR:util.cc(127)] Can't create base directory: C:\Program Files\Google\GoogleUpdater
6월 30, 2022 19:03:49.880 [15280:13572:0630/190349.880:ERROR:gpu_process_host.cc(975)] GPU process exited unexpectedly: exit_code=34
6월 30, 2022 19:45:39.995 [16536:13736:0630/194539.994:ERROR:device_event_log_impl.cc(214)] [19:45:39.995] Bluetooth: bluetooth_adapter_winrt.cc:1074 Getting Default Adapter failed.
6월 30, 2022 19:51:14.98 [14776:16168:0630/195114.098:ERROR:device_event_log_impl.cc(214)] [19:51:14.098] Bluetooth: bluetooth_adapter_winrt.cc:1074 Getting Default Adapter failed.
6월 30, 2022 19:52:12.86 [14776:1744:0630/195212.085:ERROR:util.cc(127)] Can't create base directory: C:\Program Files\Google\GoogleUpdater
6월 30, 2022 19:54:01.902 [14776:16168:0630/195401.902:ERROR:CONSOLE(1)] "Session is unregistering, can't dispatch pending call to DOM.getDocument", source: devtools://devtools/bundled/devtools-frontend/front_end/core/sdk/sdk.js (1)
6월 30, 2022 20:03:04.52 [14776:16168:0630/200304.052:ERROR:CONSOLE(1)] "Session is unregistering, can't dispatch pending call to DOM.getDocument", source: devtools://devtools/bundled/devtools-frontend/front_end/core/sdk/sdk.js (1)
6월 30, 2022 20:05:59.64 [14884:15784:0630/200559.064:ERROR:device_event_log_impl.cc(214)] [20:05:59.063] Bluetooth: bluetooth_adapter_winrt.cc:1074 Getting Default Adapter failed.
6월 30, 2022 20:06:57.66 [14884:16896:0630/200657.065:ERROR:util.cc(127)] Can't create base directory: C:\Program Files\Google\GoogleUpdater
6월 30, 2022 20:09:27.683 [14884:15784:0630/200927.682:ERROR:CONSOLE(1)] "Session is unregistering, can't dispatch pending call to DOM.getDocument", source: devtools://devtools/bundled/devtools-frontend/front_end/core/sdk/sdk.js (1)
6월 30, 2022 20:09:36.830 [14884:15784:0630/200936.830:ERROR:CONSOLE(1)] "Session is unregistering, can't dispatch pending call to DOM.getDocument", source: devtools://devtools/bundled/devtools-frontend/front_end/core/sdk/sdk.js (1)
6월 30, 2022 20:17:43.71 [3492:8732:0630/201743.071:ERROR:device_event_log_impl.cc(214)] [20:17:43.071] Bluetooth: bluetooth_adapter_winrt.cc:1074 Getting Default Adapter failed.
6월 30, 2022 20:18:40.979 [3492:14852:0630/201840.979:ERROR:util.cc(127)] Can't create base directory: C:\Program Files\Google\GoogleUpdater
6월 30, 2022 20:21:14.863 [3492:8732:0630/202114.863:ERROR:CONSOLE(1)] "Session is unregistering, can't dispatch pending call to DOM.getDocument", source: devtools://devtools/bundled/devtools-frontend/front_end/core/sdk/sdk.js (1)
6월 30, 2022 20:21:17.292 [3492:8732:0630/202117.292:ERROR:CONSOLE(1)] "Session is unregistering, can't dispatch pending call to DOM.getDocument", source: devtools://devtools/bundled/devtools-frontend/front_end/core/sdk/sdk.js (1)

6월 30, 2022 20:24:07.515 NEW SESSION
6월 30, 2022 20:24:07.515 [5540:7608:0630/202407.514:ERROR:device_event_log_impl.cc(214)] [20:24:07.514] Bluetooth: bluetooth_adapter_winrt.cc:1074 Getting Default Adapter failed.
6월 30, 2022 20:25:05.414 [5540:15092:0630/202505.414:ERROR:util.cc(127)] Can't create base directory: C:\Program Files\Google\GoogleUpdater

7월 01, 2022 09:21:30.431 NEW SESSION
7월 01, 2022 09:21:30.432 [296:16452:0701/092130.431:ERROR:device_event_log_impl.cc(214)] [09:21:30.431] Bluetooth: bluetooth_adapter_winrt.cc:1074 Getting Default Adapter failed.
7월 01, 2022 09:22:28.350 [296:12068:0701/092228.349:ERROR:util.cc(127)] Can't create base directory: C:\Program Files\Google\GoogleUpdater

7월 01, 2022 13:20:35.753 NEW SESSION
7월 01, 2022 13:20:35.753 [3828:10880:0701/132035.753:ERROR:device_event_log_impl.cc(214)] [13:20:35.752] Bluetooth: bluetooth_adapter_winrt.cc:1074 Getting Default Adapter failed.
7월 01, 2022 13:32:53.280 [5740:14088:0701/133253.280:ERROR:device_event_log_impl.cc(214)] [13:32:53.280] Bluetooth: bluetooth_adapter_winrt.cc:1074 Getting Default Adapter failed.
7월 01, 2022 13:33:14.862 [5740:14088:0701/133314.862:ERROR:CONSOLE(1)] "Session is unregistering, can't dispatch pending call to DOM.getDocument", source: devtools://devtools/bundled/devtools-frontend/front_end/core/sdk/sdk.js (1)
7월 01, 2022 13:33:51.301 [5740:15232:0701/133351.301:ERROR:util.cc(127)] Can't create base directory: C:\Program Files\Google\GoogleUpdater
7월 01, 2022 13:38:10.952 [5740:14088:0701/133810.952:ERROR:CONSOLE(1)] "Session is unregistering, can't dispatch pending call to DOM.getDocument", source: devtools://devtools/bundled/devtools-frontend/front_end/core/sdk/sdk.js (1)
7월 01, 2022 14:41:40.59 [13024:8616:0701/144140.058:ERROR:device_event_log_impl.cc(214)] [14:41:40.058] Bluetooth: bluetooth_adapter_winrt.cc:1074 Getting Default Adapter failed.
7월 01, 2022 14:42:37.967 [13024:4252:0701/144237.965:ERROR:util.cc(127)] Can't create base directory: C:\Program Files\Google\GoogleUpdater

7월 01, 2022 15:10:53.946 NEW SESSION
7월 01, 2022 15:10:53.946 [16400:4740:0701/151053.945:ERROR:device_event_log_impl.cc(214)] [15:10:53.945] Bluetooth: bluetooth_adapter_winrt.cc:1074 Getting Default Adapter failed.
7월 01, 2022 15:13:45.113 [4868:15024:0701/151345.113:ERROR:device_event_log_impl.cc(214)] [15:13:45.113] Bluetooth: bluetooth_adapter_winrt.cc:1074 Getting Default Adapter failed.
7월 01, 2022 15:14:43.02 [4868:10620:0701/151443.001:ERROR:util.cc(127)] Can't create base directory: C:\Program Files\Google\GoogleUpdater
7월 01, 2022 15:16:07.335 [15060:14052:0701/151607.335:ERROR:device_event_log_impl.cc(214)] [15:16:07.334] Bluetooth: bluetooth_adapter_winrt.cc:1074 Getting Default Adapter failed.
7월 01, 2022 15:17:05.341 [15060:2316:0701/151705.341:ERROR:util.cc(127)] Can't create base directory: C:\Program Files\Google\GoogleUpdater
7월 01, 2022 15:42:59.965 [2552:6540:0701/154259.965:ERROR:device_event_log_impl.cc(214)] [15:42:59.965] Bluetooth: bluetooth_adapter_winrt.cc:1074 Getting Default Adapter failed.
7월 01, 2022 15:43:57.848 [2552:8368:0701/154357.848:ERROR:util.cc(127)] Can't create base directory: C:\Program Files\Google\GoogleUpdater
7월 01, 2022 15:44:13.136 [10520:11744:0701/154413.136:ERROR:device_event_log_impl.cc(214)] [15:44:13.137] Bluetooth: bluetooth_adapter_winrt.cc:1074 Getting Default Adapter failed.
7월 01, 2022 15:45:29.423 [7400:4968:0701/154529.423:ERROR:device_event_log_impl.cc(214)] [15:45:29.423] Bluetooth: bluetooth_adapter_winrt.cc:1074 Getting Default Adapter failed.
7월 01, 2022 15:46:27.320 [7400:11008:0701/154627.319:ERROR:util.cc(127)] Can't create base directory: C:\Program Files\Google\GoogleUpdater
7월 01, 2022 16:00:10.355 [1312:13836:0701/160010.355:ERROR:device_event_log_impl.cc(214)] [16:00:10.355] Bluetooth: bluetooth_adapter_winrt.cc:1074 Getting Default Adapter failed.
7월 01, 2022 16:01:08.356 [1312:15448:0701/160108.355:ERROR:util.cc(127)] Can't create base directory: C:\Program Files\Google\GoogleUpdater
7월 01, 2022 16:01:39.671 [1312:13836:0701/160139.671:ERROR:CONSOLE(1)] "Session is unregistering, can't dispatch pending call to DOM.getDocument", source: devtools://devtools/bundled/devtools-frontend/front_end/core/sdk/sdk.js (1)
7월 01, 2022 16:09:33.18 [16468:10428:0701/160933.018:ERROR:device_event_log_impl.cc(214)] [16:09:33.018] Bluetooth: bluetooth_adapter_winrt.cc:1074 Getting Default Adapter failed.
7월 01, 2022 16:19:05.282 [13880:8196:0701/161905.282:ERROR:device_event_log_impl.cc(214)] [16:19:05.283] Bluetooth: bluetooth_adapter_winrt.cc:1074 Getting Default Adapter failed.
7월 01, 2022 16:19:43.247 [13880:8196:0701/161943.247:ERROR:CONSOLE(1)] "Session is unregistering, can't dispatch pending call to DOM.getDocument", source: devtools://devtools/bundled/devtools-frontend/front_end/core/sdk/sdk.js (1)
7월 01, 2022 16:20:03.203 [13880:5180:0701/162003.203:ERROR:util.cc(127)] Can't create base directory: C:\Program Files\Google\GoogleUpdater
7월 01, 2022 16:20:29.472 [13880:8196:0701/162029.472:ERROR:CONSOLE(1)] "Session is unregistering, can't dispatch pending call to DOM.getDocument", source: devtools://devtools/bundled/devtools-frontend/front_end/core/sdk/sdk.js (1)
7월 01, 2022 16:20:35.697 [13880:8196:0701/162035.697:ERROR:CONSOLE(1)] "Session is unregistering, can't dispatch pending call to DOM.getDocument", source: devtools://devtools/bundled/devtools-frontend/front_end/core/sdk/sdk.js (1)

7월 05, 2022 18:44:14.65 NEW SESSION
7월 05, 2022 18:44:14.65 [6256:10972:0705/184414.065:ERROR:device_event_log_impl.cc(214)] [18:44:14.064] Bluetooth: bluetooth_adapter_winrt.cc:1074 Getting Default Adapter failed.
7월 05, 2022 18:45:11.853 [6256:10524:0705/184511.852:ERROR:util.cc(127)] Can't create base directory: C:\Program Files\Google\GoogleUpdater
7월 05, 2022 18:49:25.301 [9032:2088:0705/184925.301:ERROR:device_event_log_impl.cc(214)] [18:49:25.301] Bluetooth: bluetooth_adapter_winrt.cc:1074 Getting Default Adapter failed.

7월 06, 2022 13:35:39.253 NEW SESSION
7월 06, 2022 13:35:39.253 [9620:3868:0706/133539.252:ERROR:device_event_log_impl.cc(214)] [13:35:39.252] Bluetooth: bluetooth_adapter_winrt.cc:1074 Getting Default Adapter failed.
7월 06, 2022 13:36:37.214 [9620:5564:0706/133637.213:ERROR:util.cc(127)] Can't create base directory: C:\Program Files\Google\GoogleUpdater

7월 06, 2022 13:44:16.236 NEW SESSION
7월 06, 2022 13:44:16.236 [10000:12004:0706/134416.235:ERROR:device_event_log_impl.cc(214)] [13:44:16.235] Bluetooth: bluetooth_adapter_winrt.cc:1074 Getting Default Adapter failed.

7월 07, 2022 15:25:32.492 NEW SESSION
7월 07, 2022 15:25:32.492 [11732:5468:0707/152532.491:ERROR:device_event_log_impl.cc(214)] [15:25:32.491] Bluetooth: bluetooth_adapter_winrt.cc:1074 Getting Default Adapter failed.
7월 07, 2022 15:26:30.338 [11732:10716:0707/152630.337:ERROR:util.cc(127)] Can't create base directory: C:\Program Files\Google\GoogleUpdater

7월 07, 2022 15:32:17.254 NEW SESSION
7월 07, 2022 15:32:17.254 [8116:6652:0707/153217.253:ERROR:device_event_log_impl.cc(214)] [15:32:17.254] Bluetooth: bluetooth_adapter_winrt.cc:1074 Getting Default Adapter failed.
7월 07, 2022 15:33:15.138 [8116:5688:0707/153315.137:ERROR:util.cc(127)] Can't create base directory: C:\Program Files\Google\GoogleUpdater
7월 07, 2022 15:39:03.167 [2844:3352:0707/153903.167:ERROR:device_event_log_impl.cc(214)] [15:39:03.168] Bluetooth: bluetooth_adapter_winrt.cc:1074 Getting Default Adapter failed.
7월 07, 2022 15:40:01.53 [2844:7644:0707/154001.052:ERROR:util.cc(127)] Can't create base directory: C:\Program Files\Google\GoogleUpdater
7월 07, 2022 15:41:29.843 [7840:5800:0707/154129.843:ERROR:device_event_log_impl.cc(214)] [15:41:29.842] Bluetooth: bluetooth_adapter_winrt.cc:1074 Getting Default Adapter failed.
7월 07, 2022 15:43:41.350 [1072:13288:0707/154341.350:ERROR:device_event_log_impl.cc(214)] [15:43:41.350] Bluetooth: bluetooth_adapter_winrt.cc:1074 Getting Default Adapter failed.
7월 07, 2022 15:44:39.317 [1072:7544:0707/154439.317:ERROR:util.cc(127)] Can't create base directory: C:\Program Files\Google\GoogleUpdater
7월 07, 2022 15:45:35.901 [14072:2528:0707/154535.900:ERROR:device_event_log_impl.cc(214)] [15:45:35.900] Bluetooth: bluetooth_adapter_winrt.cc:1074 Getting Default Adapter failed.
7월 07, 2022 15:46:41.84 [3756:12832:0707/154641.084:ERROR:device_event_log_impl.cc(214)] [15:46:41.084] Bluetooth: bluetooth_adapter_winrt.cc:1074 Getting Default Adapter failed.
7월 07, 2022 15:47:38.983 [3756:7732:0707/154738.982:ERROR:util.cc(127)] Can't create base directory: C:\Program Files\Google\GoogleUpdater

7월 08, 2022 13:32:00.427 NEW SESSION
7월 08, 2022 13:32:00.427 [1380:12880:0708/133200.427:ERROR:device_event_log_impl.cc(214)] [13:32:00.426] Bluetooth: bluetooth_adapter_winrt.cc:1074 Getting Default Adapter failed.
7월 08, 2022 13:38:24.405 [7008:12032:0708/133824.405:ERROR:device_event_log_impl.cc(214)] [13:38:24.404] Bluetooth: bluetooth_adapter_winrt.cc:1074 Getting Default Adapter failed.
7월 08, 2022 13:39:22.286 [7008:5344:0708/133922.285:ERROR:util.cc(127)] Can't create base directory: C:\Program Files\Google\GoogleUpdater
7월 08, 2022 13:47:35.621 [13880:14008:0708/134735.620:ERROR:device_event_log_impl.cc(214)] [13:47:35.620] Bluetooth: bluetooth_adapter_winrt.cc:1074 Getting Default Adapter failed.
7월 08, 2022 13:51:21.06 [1220:7312:0708/135121.006:ERROR:device_event_log_impl.cc(214)] [13:51:21.006] Bluetooth: bluetooth_adapter_winrt.cc:1074 Getting Default Adapter failed.
7월 08, 2022 13:51:58.670 [1220:7312:0708/135158.670:ERROR:CONSOLE(1)] "Session is unregistering, can't dispatch pending call to DOM.getDocument", source: devtools://devtools/bundled/devtools-frontend/front_end/core/sdk/sdk.js (1)
7월 08, 2022 13:52:10.731 [1220:7312:0708/135210.731:ERROR:CONSOLE(1)] "Session is unregistering, can't dispatch pending call to DOM.getDocument", source: devtools://devtools/bundled/devtools-frontend/front_end/core/sdk/sdk.js (1)
7월 08, 2022 13:52:12.693 [1220:7312:0708/135212.693:ERROR:CONSOLE(1)] "Session is unregistering, can't dispatch pending call to DOM.getDocument", source: devtools://devtools/bundled/devtools-frontend/front_end/core/sdk/sdk.js (1)
7월 08, 2022 13:52:18.937 [1220:1708:0708/135218.937:ERROR:util.cc(127)] Can't create base directory: C:\Program Files\Google\GoogleUpdater
7월 08, 2022 13:53:28.517 [1220:7312:0708/135328.517:ERROR:CONSOLE(1)] "Session is unregistering, can't dispatch pending call to DOM.getDocument", source: devtools://devtools/bundled/devtools-frontend/front_end/core/sdk/sdk.js (1)
7월 08, 2022 13:53:55.620 [1220:7312:0708/135355.620:ERROR:CONSOLE(1)] "Session is unregistering, can't dispatch pending call to DOM.getDocument", source: devtools://devtools/bundled/devtools-frontend/front_end/core/sdk/sdk.js (1)
7월 08, 2022 13:53:56.191 [1220:7312:0708/135356.191:ERROR:CONSOLE(1)] "Session is unregistering, can't dispatch pending call to DOM.getDocument", source: devtools://devtools/bundled/devtools-frontend/front_end/core/sdk/sdk.js (1)
7월 08, 2022 13:53:56.423 [1220:7312:0708/135356.423:ERROR:CONSOLE(1)] "Session is unregistering, can't dispatch pending call to DOM.getDocument", source: devtools://devtools/bundled/devtools-frontend/front_end/core/sdk/sdk.js (1)
7월 08, 2022 13:53:56.606 [1220:7312:0708/135356.606:ERROR:CONSOLE(1)] "Session is unregistering, can't dispatch pending call to DOM.getDocument", source: devtools://devtools/bundled/devtools-frontend/front_end/core/sdk/sdk.js (1)
7월 08, 2022 13:53:56.808 [1220:7312:0708/135356.808:ERROR:CONSOLE(1)] "Session is unregistering, can't dispatch pending call to DOM.getDocument", source: devtools://devtools/bundled/devtools-frontend/front_end/core/sdk/sdk.js (1)
7월 08, 2022 13:53:57.57 [1220:7312:0708/135357.057:ERROR:CONSOLE(1)] "Session is unregistering, can't dispatch pending call to DOM.getDocument", source: devtools://devtools/bundled/devtools-frontend/front_end/core/sdk/sdk.js (1)
7월 08, 2022 13:53:57.242 [1220:7312:0708/135357.242:ERROR:CONSOLE(1)] "Session is unregistering, can't dispatch pending call to DOM.getDocument", source: devtools://devtools/bundled/devtools-frontend/front_end/core/sdk/sdk.js (1)
7월 08, 2022 13:54:25.406 [1220:7312:0708/135425.406:ERROR:CONSOLE(1)] "Session is unregistering, can't dispatch pending call to DOM.getDocument", source: devtools://devtools/bundled/devtools-frontend/front_end/core/sdk/sdk.js (1)
7월 08, 2022 13:54:25.660 [1220:7312:0708/135425.660:ERROR:CONSOLE(1)] "Session is unregistering, can't dispatch pending call to DOM.getDocument", source: devtools://devtools/bundled/devtools-frontend/front_end/core/sdk/sdk.js (1)
7월 08, 2022 13:54:25.846 [1220:7312:0708/135425.846:ERROR:CONSOLE(1)] "Session is unregistering, can't dispatch pending call to DOM.getDocument", source: devtools://devtools/bundled/devtools-frontend/front_end/core/sdk/sdk.js (1)
7월 08, 2022 13:56:13.330 [2140:5796:0708/135613.330:ERROR:device_event_log_impl.cc(214)] [13:56:13.329] Bluetooth: bluetooth_adapter_winrt.cc:1074 Getting Default Adapter failed.
7월 08, 2022 13:57:11.338 [2140:12952:0708/135711.338:ERROR:util.cc(127)] Can't create base directory: C:\Program Files\Google\GoogleUpdater

7월 08, 2022 13:57:43.09 NEW SESSION
7월 08, 2022 13:57:43.09 [11700:9452:0708/135743.009:ERROR:device_event_log_impl.cc(214)] [13:57:43.008] Bluetooth: bluetooth_adapter_winrt.cc:1074 Getting Default Adapter failed.
7월 08, 2022 13:58:40.885 [11700:10008:0708/135840.884:ERROR:util.cc(127)] Can't create base directory: C:\Program Files\Google\GoogleUpdater
7월 08, 2022 13:59:22.335 [10036:2088:0708/135922.335:ERROR:device_event_log_impl.cc(214)] [13:59:22.335] Bluetooth: bluetooth_adapter_winrt.cc:1074 Getting Default Adapter failed.
7월 08, 2022 14:08:05.847 [1920:672:0708/140805.847:ERROR:device_event_log_impl.cc(214)] [14:08:05.846] Bluetooth: bluetooth_adapter_winrt.cc:1074 Getting Default Adapter failed.
7월 08, 2022 14:09:03.745 [1920:9116:0708/140903.744:ERROR:util.cc(127)] Can't create base directory: C:\Program Files\Google\GoogleUpdater
7월 08, 2022 15:44:52.355 [13508:13788:0708/154452.355:ERROR:device_event_log_impl.cc(214)] [15:44:52.355] Bluetooth: bluetooth_adapter_winrt.cc:1074 Getting Default Adapter failed.
7월 08, 2022 15:45:12.655 [13508:13788:0708/154512.655:ERROR:CONSOLE(1)] "Session is unregistering, can't dispatch pending call to DOM.getDocument", source: devtools://devtools/bundled/devtools-frontend/front_end/core/sdk/sdk.js (1)
7월 08, 2022 15:45:50.215 [13508:8376:0708/154550.214:ERROR:util.cc(127)] Can't create base directory: C:\Program Files\Google\GoogleUpdater

7월 08, 2022 15:51:03.642 NEW SESSION
7월 08, 2022 15:51:03.642 [8276:11764:0708/155103.641:ERROR:device_event_log_impl.cc(214)] [15:51:03.641] Bluetooth: bluetooth_adapter_winrt.cc:1074 Getting Default Adapter failed.
7월 08, 2022 15:52:01.542 [8276:3076:0708/155201.541:ERROR:util.cc(127)] Can't create base directory: C:\Program Files\Google\GoogleUpdater
7월 08, 2022 15:52:55.103 [12736:13196:0708/155255.103:ERROR:device_event_log_impl.cc(214)] [15:52:55.104] Bluetooth: bluetooth_adapter_winrt.cc:1074 Getting Default Adapter failed.
7월 08, 2022 15:54:46.699 [5048:10336:0708/155446.699:ERROR:device_event_log_impl.cc(214)] [15:54:46.699] Bluetooth: bluetooth_adapter_winrt.cc:1074 Getting Default Adapter failed.

7월 12, 2022 14:16:05.254 NEW SESSION
7월 12, 2022 14:16:05.254 [12768:2044:0712/141605.253:ERROR:device_event_log_impl.cc(214)] [14:16:05.253] Bluetooth: bluetooth_adapter_winrt.cc:1074 Getting Default Adapter failed.
7월 12, 2022 14:17:03.256 [12768:9604:0712/141703.255:ERROR:util.cc(127)] Can't create base directory: C:\Program Files\Google\GoogleUpdater

7월 12, 2022 15:42:34.684 NEW SESSION
7월 12, 2022 15:42:34.684 [12448:6096:0712/154234.683:ERROR:device_event_log_impl.cc(214)] [15:42:34.683] Bluetooth: bluetooth_adapter_winrt.cc:1074 Getting Default Adapter failed.
7월 12, 2022 15:43:32.591 [12448:13532:0712/154332.590:ERROR:util.cc(127)] Can't create base directory: C:\Program Files\Google\GoogleUpdater
7월 12, 2022 15:46:18.811 [944:13472:0712/154618.811:ERROR:device_event_log_impl.cc(214)] [15:46:18.811] Bluetooth: bluetooth_adapter_winrt.cc:1074 Getting Default Adapter failed.
7월 12, 2022 15:47:16.720 [944:7264:0712/154716.719:ERROR:util.cc(127)] Can't create base directory: C:\Program Files\Google\GoogleUpdater
7월 12, 2022 15:47:32.163 [944:13472:0712/154732.163:ERROR:interface_endpoint_client.cc(665)] Message 0 rejected by interface blink.mojom.WidgetHost
7월 12, 2022 15:54:50.895 [10828:13164:0712/155450.895:ERROR:device_event_log_impl.cc(214)] [15:54:50.895] Bluetooth: bluetooth_adapter_winrt.cc:1074 Getting Default Adapter failed.
